[debug] [2025-07-15T14:29:52.983Z] ----------------------------------------------------------------------
[debug] [2025-07-15T14:29:52.994Z] Command:       C:\Program Files\nodejs\node.exe C:\Users\travi\AppData\Roaming\npm\node_modules\firebase-tools\lib\bin\firebase.js deploy --only functions --non-interactive
[debug] [2025-07-15T14:29:52.995Z] CLI Version:   14.10.1
[debug] [2025-07-15T14:29:52.995Z] Platform:      win32
[debug] [2025-07-15T14:29:52.995Z] Node Version:  v22.16.0
[debug] [2025-07-15T14:29:52.996Z] Time:          Tue Jul 15 2025 15:29:52 GMT+0100 (British Summer Time)
[debug] [2025-07-15T14:29:52.996Z] ----------------------------------------------------------------------
[debug] 
[debug] [2025-07-15T14:29:52.998Z] >>> [apiv2][query] GET https://firebase-public.firebaseio.com/cli.json [none]
[debug] [2025-07-15T14:29:53.282Z] > command requires scopes: ["email","openid","https://www.googleapis.com/auth/cloudplatformprojects.readonly","https://www.googleapis.com/auth/firebase","https://www.googleapis.com/auth/cloud-platform"]
[debug] [2025-07-15T14:29:53.283Z] > authorizing via signed-in user (TRAVIS_GM@LIVE.CO.UK)
[debug] [2025-07-15T14:29:53.283Z] [iam] checking project roundmanagerapp for permissions ["cloudfunctions.functions.create","cloudfunctions.functions.delete","cloudfunctions.functions.get","cloudfunctions.functions.list","cloudfunctions.functions.update","cloudfunctions.operations.get","firebase.projects.get"]
[debug] [2025-07-15T14:29:53.283Z] Checked if tokens are valid: false, expires at: 1752583501996
[debug] [2025-07-15T14:29:53.284Z] Checked if tokens are valid: false, expires at: 1752583501996
[debug] [2025-07-15T14:29:53.284Z] > refreshing access token with scopes: []
[debug] [2025-07-15T14:29:53.284Z] >>> [apiv2][query] POST https://www.googleapis.com/oauth2/v3/token [none]
[debug] [2025-07-15T14:29:53.284Z] >>> [apiv2][body] POST https://www.googleapis.com/oauth2/v3/token [omitted]
[debug] [2025-07-15T14:29:53.489Z] <<< [apiv2][status] POST https://www.googleapis.com/oauth2/v3/token 200
[debug] [2025-07-15T14:29:53.489Z] <<< [apiv2][body] POST https://www.googleapis.com/oauth2/v3/token [omitted]
[debug] [2025-07-15T14:29:53.496Z] >>> [apiv2][query] POST https://cloudresourcemanager.googleapis.com/v1/projects/roundmanagerapp:testIamPermissions [none]
[debug] [2025-07-15T14:29:53.496Z] >>> [apiv2][(partial)header] POST https://cloudresourcemanager.googleapis.com/v1/projects/roundmanagerapp:testIamPermissions x-goog-quota-user=projects/roundmanagerapp
[debug] [2025-07-15T14:29:53.497Z] >>> [apiv2][body] POST https://cloudresourcemanager.googleapis.com/v1/projects/roundmanagerapp:testIamPermissions {"permissions":["cloudfunctions.functions.create","cloudfunctions.functions.delete","cloudfunctions.functions.get","cloudfunctions.functions.list","cloudfunctions.functions.update","cloudfunctions.operations.get","firebase.projects.get"]}
[debug] [2025-07-15T14:29:53.600Z] <<< [apiv2][status] GET https://firebase-public.firebaseio.com/cli.json 200
[debug] [2025-07-15T14:29:53.600Z] <<< [apiv2][body] GET https://firebase-public.firebaseio.com/cli.json {"cloudBuildErrorAfter":1594252800000,"cloudBuildWarnAfter":1590019200000,"defaultNode10After":1594252800000,"minVersion":"3.0.5","node8DeploysDisabledAfter":1613390400000,"node8RuntimeDisabledAfter":1615809600000,"node8WarnAfter":1600128000000}
[debug] [2025-07-15T14:29:54.212Z] <<< [apiv2][status] POST https://cloudresourcemanager.googleapis.com/v1/projects/roundmanagerapp:testIamPermissions 200
[debug] [2025-07-15T14:29:54.213Z] <<< [apiv2][body] POST https://cloudresourcemanager.googleapis.com/v1/projects/roundmanagerapp:testIamPermissions {"permissions":["cloudfunctions.functions.create","cloudfunctions.functions.delete","cloudfunctions.functions.get","cloudfunctions.functions.list","cloudfunctions.functions.update","cloudfunctions.operations.get","firebase.projects.get"]}
[debug] [2025-07-15T14:29:54.213Z] Checked if tokens are valid: true, expires at: 1752593392489
[debug] [2025-07-15T14:29:54.213Z] Checked if tokens are valid: true, expires at: 1752593392489
[debug] [2025-07-15T14:29:54.214Z] >>> [apiv2][query] POST https://iam.googleapis.com/v1/projects/roundmanagerapp/serviceAccounts/roundmanagerapp@appspot.gserviceaccount.com:testIamPermissions [none]
[debug] [2025-07-15T14:29:54.214Z] >>> [apiv2][body] POST https://iam.googleapis.com/v1/projects/roundmanagerapp/serviceAccounts/roundmanagerapp@appspot.gserviceaccount.com:testIamPermissions {"permissions":["iam.serviceAccounts.actAs"]}
[debug] [2025-07-15T14:29:54.925Z] <<< [apiv2][status] POST https://iam.googleapis.com/v1/projects/roundmanagerapp/serviceAccounts/roundmanagerapp@appspot.gserviceaccount.com:testIamPermissions 200
[debug] [2025-07-15T14:29:54.925Z] <<< [apiv2][body] POST https://iam.googleapis.com/v1/projects/roundmanagerapp/serviceAccounts/roundmanagerapp@appspot.gserviceaccount.com:testIamPermissions {"permissions":["iam.serviceAccounts.actAs"]}
[info] 
[info] === Deploying to 'roundmanagerapp'...
[info] 
[info] i  deploying functions 
[info] Running command: npm --prefix "$RESOURCE_DIR" run lint
[info] +  functions: Finished running predeploy script. 
[debug] [2025-07-15T14:30:00.474Z] Checked if tokens are valid: true, expires at: 1752593392489
[debug] [2025-07-15T14:30:00.475Z] Checked if tokens are valid: true, expires at: 1752593392489
[debug] [2025-07-15T14:30:00.475Z] >>> [apiv2][query] GET https://cloudresourcemanager.googleapis.com/v1/projects/roundmanagerapp [none]
[debug] [2025-07-15T14:30:01.233Z] <<< [apiv2][status] GET https://cloudresourcemanager.googleapis.com/v1/projects/roundmanagerapp 200
[debug] [2025-07-15T14:30:01.233Z] <<< [apiv2][body] GET https://cloudresourcemanager.googleapis.com/v1/projects/roundmanagerapp {"projectNumber":"1049000869926","projectId":"roundmanagerapp","lifecycleState":"ACTIVE","name":"RoundManagerApp","labels":{"firebase":"enabled","firebase-core":"disabled"},"createTime":"2025-06-18T15:16:25.700197Z"}
[info] i  functions: preparing codebase default for deployment 
[info] i  functions: ensuring required API cloudfunctions.googleapis.com is enabled... 
[info] i  functions: ensuring required API cloudbuild.googleapis.com is enabled... 
[info] i  artifactregistry: ensuring required API artifactregistry.googleapis.com is enabled... 
[debug] [2025-07-15T14:30:01.236Z] Checked if tokens are valid: true, expires at: 1752593392489
[debug] [2025-07-15T14:30:01.236Z] Checked if tokens are valid: true, expires at: 1752593392489
[debug] [2025-07-15T14:30:01.237Z] >>> [apiv2][query] GET https://firebase.googleapis.com/v1beta1/projects/roundmanagerapp/adminSdkConfig [none]
[debug] [2025-07-15T14:30:01.603Z] <<< [apiv2][status] GET https://firebase.googleapis.com/v1beta1/projects/roundmanagerapp/adminSdkConfig 200
[debug] [2025-07-15T14:30:01.603Z] <<< [apiv2][body] GET https://firebase.googleapis.com/v1beta1/projects/roundmanagerapp/adminSdkConfig {"projectId":"roundmanagerapp","storageBucket":"roundmanagerapp.firebasestorage.app"}
[debug] [2025-07-15T14:30:01.604Z] Checked if tokens are valid: true, expires at: 1752593392489
[debug] [2025-07-15T14:30:01.604Z] Checked if tokens are valid: true, expires at: 1752593392489
[debug] [2025-07-15T14:30:01.604Z] >>> [apiv2][query] GET https://runtimeconfig.googleapis.com/v1beta1/projects/roundmanagerapp/configs [none]
[debug] [2025-07-15T14:30:01.948Z] <<< [apiv2][status] GET https://runtimeconfig.googleapis.com/v1beta1/projects/roundmanagerapp/configs 200
[debug] [2025-07-15T14:30:01.948Z] <<< [apiv2][body] GET https://runtimeconfig.googleapis.com/v1beta1/projects/roundmanagerapp/configs {"configs":[{"name":"projects/roundmanagerapp/configs/resend"}]}
[debug] [2025-07-15T14:30:01.949Z] Checked if tokens are valid: true, expires at: 1752593392489
[debug] [2025-07-15T14:30:01.949Z] Checked if tokens are valid: true, expires at: 1752593392489
[debug] [2025-07-15T14:30:01.949Z] >>> [apiv2][query] GET https://runtimeconfig.googleapis.com/v1beta1/projects/roundmanagerapp/configs/resend/variables [none]
[debug] [2025-07-15T14:30:02.159Z] <<< [apiv2][status] GET https://runtimeconfig.googleapis.com/v1beta1/projects/roundmanagerapp/configs/resend/variables 200
[debug] [2025-07-15T14:30:02.159Z] <<< [apiv2][body] GET https://runtimeconfig.googleapis.com/v1beta1/projects/roundmanagerapp/configs/resend/variables {"variables":[{"name":"projects/roundmanagerapp/configs/resend/variables/key","updateTime":"2025-07-14T17:39:27.259254558Z"}]}
[debug] [2025-07-15T14:30:02.159Z] Checked if tokens are valid: true, expires at: 1752593392489
[debug] [2025-07-15T14:30:02.159Z] Checked if tokens are valid: true, expires at: 1752593392489
[debug] [2025-07-15T14:30:02.159Z] >>> [apiv2][query] GET https://runtimeconfig.googleapis.com/v1beta1/projects/roundmanagerapp/configs/resend/variables/key [none]
[debug] [2025-07-15T14:30:02.406Z] <<< [apiv2][status] GET https://runtimeconfig.googleapis.com/v1beta1/projects/roundmanagerapp/configs/resend/variables/key 200
[debug] [2025-07-15T14:30:02.407Z] <<< [apiv2][body] GET https://runtimeconfig.googleapis.com/v1beta1/projects/roundmanagerapp/configs/resend/variables/key {"name":"projects/roundmanagerapp/configs/resend/variables/key","updateTime":"2025-07-14T17:39:27.259254558Z","text":"re_DjRTfH7G_Hz53GNL3Rvauc8oFAmQX3uaV"}
[debug] [2025-07-15T14:30:02.408Z] Validating nodejs source
[debug] [2025-07-15T14:30:03.685Z] > [functions] package.json contents: {
  "name": "functions",
  "description": "Forcing a clean deployment.",
  "scripts": {
    "lint": "eslint .",
    "serve": "firebase emulators:start --only functions",
    "shell": "firebase functions:shell",
    "start": "npm run shell",
    "deploy": "firebase deploy --only functions",
    "logs": "firebase functions:log"
  },
  "engines": {
    "node": "20"
  },
  "main": "index.js",
  "dependencies": {
    "firebase-admin": "^12.6.0",
    "firebase-functions": "^6.0.1",
    "resend": "^4.6.0"
  },
  "devDependencies": {
    "eslint": "^8.15.0",
    "eslint-config-google": "^0.14.0",
    "firebase-functions-test": "^3.1.0"
  },
  "private": true
}
[debug] [2025-07-15T14:30:03.685Z] Building nodejs source
[info] i  functions: Loading and analyzing source code for codebase default to determine what to deploy 
[debug] [2025-07-15T14:30:03.687Z] Could not find functions.yaml. Must use http discovery
[debug] [2025-07-15T14:30:03.705Z] Found firebase-functions binary at 'C:\Users\travi\RoundManagerApp\functions\node_modules\.bin\firebase-functions'
[info] Serving at port 8956

[debug] [2025-07-15T14:30:04.702Z] Got response from /__/functions.yaml {"endpoints":{"sendTeamInviteEmail":{"availableMemoryMb":null,"timeoutSeconds":null,"minInstances":null,"maxInstances":10,"ingressSettings":null,"concurrency":null,"serviceAccountEmail":null,"vpc":null,"platform":"gcfv2","labels":{},"eventTrigger":{"eventType":"google.cloud.firestore.document.v1.created","eventFilters":{"database":"(default)","namespace":"(default)"},"eventFilterPathPatterns":{"document":"accounts/{accountId}/members/{memberId}"},"retry":false},"entryPoint":"sendTeamInviteEmail"},"acceptTeamInvite":{"availableMemoryMb":null,"timeoutSeconds":null,"minInstances":null,"maxInstances":10,"ingressSettings":null,"concurrency":null,"serviceAccountEmail":null,"vpc":null,"platform":"gcfv2","labels":{},"callableTrigger":{},"entryPoint":"acceptTeamInvite"},"listMembers":{"availableMemoryMb":null,"timeoutSeconds":null,"minInstances":null,"maxInstances":10,"ingressSettings":null,"concurrency":null,"serviceAccountEmail":null,"vpc":null,"platform":"gcfv2","labels":{},"callableTrigger":{},"entryPoint":"listMembers"},"listVehicles":{"availableMemoryMb":null,"timeoutSeconds":null,"minInstances":null,"maxInstances":10,"ingressSettings":null,"concurrency":null,"serviceAccountEmail":null,"vpc":null,"platform":"gcfv2","labels":{},"callableTrigger":{},"entryPoint":"listVehicles"},"addVehicle":{"availableMemoryMb":null,"timeoutSeconds":null,"minInstances":null,"maxInstances":10,"ingressSettings":null,"concurrency":null,"serviceAccountEmail":null,"vpc":null,"platform":"gcfv2","labels":{},"callableTrigger":{},"entryPoint":"addVehicle"},"updateVehicle":{"availableMemoryMb":null,"timeoutSeconds":null,"minInstances":null,"maxInstances":10,"ingressSettings":null,"concurrency":null,"serviceAccountEmail":null,"vpc":null,"platform":"gcfv2","labels":{},"callableTrigger":{},"entryPoint":"updateVehicle"},"deleteVehicle":{"availableMemoryMb":null,"timeoutSeconds":null,"minInstances":null,"maxInstances":10,"ingressSettings":null,"concurrency":null,"serviceAccountEmail":null,"vpc":null,"platform":"gcfv2","labels":{},"callableTrigger":{},"entryPoint":"deleteVehicle"},"refreshClaims":{"availableMemoryMb":null,"timeoutSeconds":null,"minInstances":null,"maxInstances":10,"ingressSettings":null,"concurrency":null,"serviceAccountEmail":null,"vpc":null,"platform":"gcfv2","labels":{},"callableTrigger":{},"entryPoint":"refreshClaims"}},"specVersion":"v1alpha1","requiredAPIs":[],"extensions":{}}
[info] i  extensions: ensuring required API firebaseextensions.googleapis.com is enabled... 
[debug] [2025-07-15T14:30:08.746Z] > command requires scopes: ["email","openid","https://www.googleapis.com/auth/cloudplatformprojects.readonly","https://www.googleapis.com/auth/firebase","https://www.googleapis.com/auth/cloud-platform"]
[debug] [2025-07-15T14:30:08.747Z] > authorizing via signed-in user (TRAVIS_GM@LIVE.CO.UK)
[debug] [2025-07-15T14:30:08.747Z] [iam] checking project roundmanagerapp for permissions ["firebase.projects.get","firebaseextensions.instances.list"]
[debug] [2025-07-15T14:30:08.747Z] Checked if tokens are valid: true, expires at: 1752593392489
[debug] [2025-07-15T14:30:08.747Z] Checked if tokens are valid: true, expires at: 1752593392489
[debug] [2025-07-15T14:30:08.747Z] >>> [apiv2][query] POST https://cloudresourcemanager.googleapis.com/v1/projects/roundmanagerapp:testIamPermissions [none]
[debug] [2025-07-15T14:30:08.747Z] >>> [apiv2][(partial)header] POST https://cloudresourcemanager.googleapis.com/v1/projects/roundmanagerapp:testIamPermissions x-goog-quota-user=projects/roundmanagerapp
[debug] [2025-07-15T14:30:08.747Z] >>> [apiv2][body] POST https://cloudresourcemanager.googleapis.com/v1/projects/roundmanagerapp:testIamPermissions {"permissions":["firebase.projects.get","firebaseextensions.instances.list"]}
[debug] [2025-07-15T14:30:09.399Z] <<< [apiv2][status] POST https://cloudresourcemanager.googleapis.com/v1/projects/roundmanagerapp:testIamPermissions 200
[debug] [2025-07-15T14:30:09.399Z] <<< [apiv2][body] POST https://cloudresourcemanager.googleapis.com/v1/projects/roundmanagerapp:testIamPermissions {"permissions":["firebase.projects.get","firebaseextensions.instances.list"]}
[debug] [2025-07-15T14:30:09.400Z] Checked if tokens are valid: true, expires at: 1752593392489
[debug] [2025-07-15T14:30:09.401Z] Checked if tokens are valid: true, expires at: 1752593392489
[debug] [2025-07-15T14:30:09.402Z] >>> [apiv2][query] GET https://firebaseextensions.googleapis.com/v1beta/projects/roundmanagerapp/instances pageSize=100&pageToken=
[debug] [2025-07-15T14:30:10.207Z] <<< [apiv2][status] GET https://firebaseextensions.googleapis.com/v1beta/projects/roundmanagerapp/instances 200
[debug] [2025-07-15T14:30:10.207Z] <<< [apiv2][body] GET https://firebaseextensions.googleapis.com/v1beta/projects/roundmanagerapp/instances {}
[info] i  functions: preparing functions directory for uploading... 
[info] i  functions: packaged C:\Users\travi\RoundManagerApp\functions (78.91 KB) for uploading 
[debug] [2025-07-15T14:30:10.265Z] Checked if tokens are valid: true, expires at: 1752593392489
[debug] [2025-07-15T14:30:10.265Z] Checked if tokens are valid: true, expires at: 1752593392489
[debug] [2025-07-15T14:30:10.265Z] >>> [apiv2][query] GET https://cloudfunctions.googleapis.com/v1/projects/roundmanagerapp/locations/-/functions [none]
[debug] [2025-07-15T14:30:11.020Z] <<< [apiv2][status] GET https://cloudfunctions.googleapis.com/v1/projects/roundmanagerapp/locations/-/functions 200
[debug] [2025-07-15T14:30:11.020Z] <<< [apiv2][body] GET https://cloudfunctions.googleapis.com/v1/projects/roundmanagerapp/locations/-/functions {}
[debug] [2025-07-15T14:30:11.020Z] Checked if tokens are valid: true, expires at: 1752593392489
[debug] [2025-07-15T14:30:11.020Z] Checked if tokens are valid: true, expires at: 1752593392489
[debug] [2025-07-15T14:30:11.020Z] >>> [apiv2][query] GET https://cloudfunctions.googleapis.com/v2/projects/roundmanagerapp/locations/-/functions filter=environment%3D%22GEN_2%22
[debug] [2025-07-15T14:30:12.416Z] <<< [apiv2][status] GET https://cloudfunctions.googleapis.com/v2/projects/roundmanagerapp/locations/-/functions 200
[debug] [2025-07-15T14:30:12.417Z] <<< [apiv2][body] GET https://cloudfunctions.googleapis.com/v2/projects/roundmanagerapp/locations/-/functions {"functions":[{"name":"projects/roundmanagerapp/locations/us-central1/functions/acceptTeamInvite","buildConfig":{"build":"projects/1049000869926/locations/us-central1/builds/873033c6-9721-4f46-ac8c-6af0eb51e48e","runtime":"nodejs20","entryPoint":"acceptTeamInvite","source":{"storageSource":{"bucket":"gcf-v2-sources-1049000869926-us-central1","object":"acceptTeamInvite/function-source.zip","generation":"1752580005785645"}},"environmentVariables":{"GOOGLE_NODE_RUN_SCRIPTS":""},"dockerRepository":"projects/roundmanagerapp/locations/us-central1/repositories/gcf-artifacts","sourceProvenance":{"resolvedStorageSource":{"bucket":"gcf-v2-sources-1049000869926-us-central1","object":"acceptTeamInvite/function-source.zip","generation":"1752580005785645"}},"dockerRegistry":"ARTIFACT_REGISTRY","serviceAccount":"projects/roundmanagerapp/serviceAccounts/1049000869926-compute@developer.gserviceaccount.com","automaticUpdatePolicy":{}},"serviceConfig":{"service":"projects/roundmanagerapp/locations/us-central1/services/acceptteaminvite","timeoutSeconds":60,"environmentVariables":{"FIREBASE_CONFIG":"{\"projectId\":\"roundmanagerapp\",\"storageBucket\":\"roundmanagerapp.firebasestorage.app\"}","GCLOUD_PROJECT":"roundmanagerapp","EVENTARC_CLOUD_EVENT_SOURCE":"projects/roundmanagerapp/locations/us-central1/services/acceptTeamInvite","FUNCTION_TARGET":"acceptTeamInvite","LOG_EXECUTION_ID":"true","FUNCTION_SIGNATURE_TYPE":"http"},"maxInstanceCount":10,"ingressSettings":"ALLOW_ALL","uri":"https://acceptteaminvite-av2j4gstza-uc.a.run.app","serviceAccountEmail":"1049000869926-compute@developer.gserviceaccount.com","availableMemory":"256Mi","allTrafficOnLatestRevision":true,"revision":"acceptteaminvite-00014-vij","maxInstanceRequestConcurrency":80,"availableCpu":"1"},"state":"ACTIVE","updateTime":"2025-07-15T11:46:54.480597243Z","labels":{"firebase-functions-hash":"b3048c1b0bed717bf557406951c172cdf8c87019","deployment-tool":"cli-firebase","deployment-callable":"true"},"environment":"GEN_2","url":"https://us-central1-roundmanagerapp.cloudfunctions.net/acceptTeamInvite","createTime":"2025-07-14T19:39:31.679377584Z","satisfiesPzi":true},{"name":"projects/roundmanagerapp/locations/us-central1/functions/updateVehicle","buildConfig":{"build":"projects/1049000869926/locations/us-central1/builds/873033c6-9721-4f46-ac8c-6af0eb51e48e","runtime":"nodejs20","entryPoint":"updateVehicle","source":{"storageSource":{"bucket":"gcf-v2-sources-1049000869926-us-central1","object":"updateVehicle/function-source.zip","generation":"1752580006048983"}},"environmentVariables":{"GOOGLE_NODE_RUN_SCRIPTS":""},"dockerRepository":"projects/roundmanagerapp/locations/us-central1/repositories/gcf-artifacts","sourceProvenance":{"resolvedStorageSource":{"bucket":"gcf-v2-sources-1049000869926-us-central1","object":"updateVehicle/function-source.zip","generation":"1752580006048983"}},"dockerRegistry":"ARTIFACT_REGISTRY","serviceAccount":"projects/roundmanagerapp/serviceAccounts/1049000869926-compute@developer.gserviceaccount.com","automaticUpdatePolicy":{}},"serviceConfig":{"service":"projects/roundmanagerapp/locations/us-central1/services/updatevehicle","timeoutSeconds":60,"environmentVariables":{"FIREBASE_CONFIG":"{\"projectId\":\"roundmanagerapp\",\"storageBucket\":\"roundmanagerapp.firebasestorage.app\"}","GCLOUD_PROJECT":"roundmanagerapp","EVENTARC_CLOUD_EVENT_SOURCE":"projects/roundmanagerapp/locations/us-central1/services/updateVehicle","FUNCTION_TARGET":"updateVehicle","LOG_EXECUTION_ID":"true","FUNCTION_SIGNATURE_TYPE":"http"},"maxInstanceCount":10,"ingressSettings":"ALLOW_ALL","uri":"https://updatevehicle-av2j4gstza-uc.a.run.app","serviceAccountEmail":"1049000869926-compute@developer.gserviceaccount.com","availableMemory":"256Mi","allTrafficOnLatestRevision":true,"revision":"updatevehicle-00012-juw","maxInstanceRequestConcurrency":80,"availableCpu":"1"},"state":"ACTIVE","updateTime":"2025-07-15T11:46:56.939733285Z","labels":{"firebase-functions-hash":"b3048c1b0bed717bf557406951c172cdf8c87019","deployment-tool":"cli-firebase","deployment-callable":"true"},"environment":"GEN_2","url":"https://us-central1-roundmanagerapp.cloudfunctions.net/updateVehicle","createTime":"2025-07-14T20:15:39.811330723Z","satisfiesPzi":true},{"name":"projects/roundmanagerapp/locations/us-central1/functions/refreshClaims","buildConfig":{"build":"projects/1049000869926/locations/us-central1/builds/873033c6-9721-4f46-ac8c-6af0eb51e48e","runtime":"nodejs20","entryPoint":"refreshClaims","source":{"storageSource":{"bucket":"gcf-v2-sources-1049000869926-us-central1","object":"refreshClaims/function-source.zip","generation":"1752580005857670"}},"environmentVariables":{"GOOGLE_NODE_RUN_SCRIPTS":""},"dockerRepository":"projects/roundmanagerapp/locations/us-central1/repositories/gcf-artifacts","sourceProvenance":{"resolvedStorageSource":{"bucket":"gcf-v2-sources-1049000869926-us-central1","object":"refreshClaims/function-source.zip","generation":"1752580005857670"}},"dockerRegistry":"ARTIFACT_REGISTRY","serviceAccount":"projects/roundmanagerapp/serviceAccounts/1049000869926-compute@developer.gserviceaccount.com","automaticUpdatePolicy":{}},"serviceConfig":{"service":"projects/roundmanagerapp/locations/us-central1/services/refreshclaims","timeoutSeconds":60,"environmentVariables":{"FIREBASE_CONFIG":"{\"projectId\":\"roundmanagerapp\",\"storageBucket\":\"roundmanagerapp.firebasestorage.app\"}","GCLOUD_PROJECT":"roundmanagerapp","EVENTARC_CLOUD_EVENT_SOURCE":"projects/roundmanagerapp/locations/us-central1/services/refreshClaims","FUNCTION_TARGET":"refreshClaims","LOG_EXECUTION_ID":"true","FUNCTION_SIGNATURE_TYPE":"http"},"maxInstanceCount":10,"ingressSettings":"ALLOW_ALL","uri":"https://refreshclaims-av2j4gstza-uc.a.run.app","serviceAccountEmail":"1049000869926-compute@developer.gserviceaccount.com","availableMemory":"256Mi","allTrafficOnLatestRevision":true,"revision":"refreshclaims-00002-goz","maxInstanceRequestConcurrency":80,"availableCpu":"1"},"state":"ACTIVE","updateTime":"2025-07-15T11:46:53.925488154Z","labels":{"deployment-callable":"true","firebase-functions-hash":"b3048c1b0bed717bf557406951c172cdf8c87019","deployment-tool":"cli-firebase"},"environment":"GEN_2","url":"https://us-central1-roundmanagerapp.cloudfunctions.net/refreshClaims","createTime":"2025-07-15T08:00:05.237983124Z","satisfiesPzi":true},{"name":"projects/roundmanagerapp/locations/us-central1/functions/listMembers","buildConfig":{"build":"projects/1049000869926/locations/us-central1/builds/873033c6-9721-4f46-ac8c-6af0eb51e48e","runtime":"nodejs20","entryPoint":"listMembers","source":{"storageSource":{"bucket":"gcf-v2-sources-1049000869926-us-central1","object":"listMembers/function-source.zip","generation":"1752580005974443"}},"environmentVariables":{"GOOGLE_NODE_RUN_SCRIPTS":""},"dockerRepository":"projects/roundmanagerapp/locations/us-central1/repositories/gcf-artifacts","sourceProvenance":{"resolvedStorageSource":{"bucket":"gcf-v2-sources-1049000869926-us-central1","object":"listMembers/function-source.zip","generation":"1752580005974443"}},"dockerRegistry":"ARTIFACT_REGISTRY","serviceAccount":"projects/roundmanagerapp/serviceAccounts/1049000869926-compute@developer.gserviceaccount.com","automaticUpdatePolicy":{}},"serviceConfig":{"service":"projects/roundmanagerapp/locations/us-central1/services/listmembers","timeoutSeconds":60,"environmentVariables":{"FIREBASE_CONFIG":"{\"projectId\":\"roundmanagerapp\",\"storageBucket\":\"roundmanagerapp.firebasestorage.app\"}","GCLOUD_PROJECT":"roundmanagerapp","EVENTARC_CLOUD_EVENT_SOURCE":"projects/roundmanagerapp/locations/us-central1/services/listMembers","FUNCTION_TARGET":"listMembers","LOG_EXECUTION_ID":"true","FUNCTION_SIGNATURE_TYPE":"http"},"maxInstanceCount":10,"ingressSettings":"ALLOW_ALL","uri":"https://listmembers-av2j4gstza-uc.a.run.app","serviceAccountEmail":"1049000869926-compute@developer.gserviceaccount.com","availableMemory":"256Mi","allTrafficOnLatestRevision":true,"revision":"listmembers-00012-woc","maxInstanceRequestConcurrency":80,"availableCpu":"1"},"state":"ACTIVE","updateTime":"2025-07-15T11:46:54.026066938Z","labels":{"firebase-functions-hash":"b3048c1b0bed717bf557406951c172cdf8c87019","deployment-tool":"cli-firebase","deployment-callable":"true"},"environment":"GEN_2","url":"https://us-central1-roundmanagerapp.cloudfunctions.net/listMembers","createTime":"2025-07-14T20:14:35.533854840Z","satisfiesPzi":true},{"name":"projects/roundmanagerapp/locations/us-central1/functions/listVehicles","buildConfig":{"build":"projects/1049000869926/locations/us-central1/builds/873033c6-9721-4f46-ac8c-6af0eb51e48e","runtime":"nodejs20","entryPoint":"listVehicles","source":{"storageSource":{"bucket":"gcf-v2-sources-1049000869926-us-central1","object":"listVehicles/function-source.zip","generation":"1752580005974696"}},"environmentVariables":{"GOOGLE_NODE_RUN_SCRIPTS":""},"dockerRepository":"projects/roundmanagerapp/locations/us-central1/repositories/gcf-artifacts","sourceProvenance":{"resolvedStorageSource":{"bucket":"gcf-v2-sources-1049000869926-us-central1","object":"listVehicles/function-source.zip","generation":"1752580005974696"}},"dockerRegistry":"ARTIFACT_REGISTRY","serviceAccount":"projects/roundmanagerapp/serviceAccounts/1049000869926-compute@developer.gserviceaccount.com","automaticUpdatePolicy":{}},"serviceConfig":{"service":"projects/roundmanagerapp/locations/us-central1/services/listvehicles","timeoutSeconds":60,"environmentVariables":{"FIREBASE_CONFIG":"{\"projectId\":\"roundmanagerapp\",\"storageBucket\":\"roundmanagerapp.firebasestorage.app\"}","GCLOUD_PROJECT":"roundmanagerapp","EVENTARC_CLOUD_EVENT_SOURCE":"projects/roundmanagerapp/locations/us-central1/services/listVehicles","FUNCTION_TARGET":"listVehicles","LOG_EXECUTION_ID":"true","FUNCTION_SIGNATURE_TYPE":"http"},"maxInstanceCount":10,"ingressSettings":"ALLOW_ALL","uri":"https://listvehicles-av2j4gstza-uc.a.run.app","serviceAccountEmail":"1049000869926-compute@developer.gserviceaccount.com","availableMemory":"256Mi","allTrafficOnLatestRevision":true,"revision":"listvehicles-00012-hek","maxInstanceRequestConcurrency":80,"availableCpu":"1"},"state":"ACTIVE","updateTime":"2025-07-15T11:46:54.167438966Z","labels":{"deployment-tool":"cli-firebase","deployment-callable":"true","firebase-functions-hash":"b3048c1b0bed717bf557406951c172cdf8c87019"},"environment":"GEN_2","url":"https://us-central1-roundmanagerapp.cloudfunctions.net/listVehicles","createTime":"2025-07-14T20:15:39.292743706Z","satisfiesPzi":true},{"name":"projects/roundmanagerapp/locations/us-central1/functions/addVehicle","buildConfig":{"build":"projects/1049000869926/locations/us-central1/builds/873033c6-9721-4f46-ac8c-6af0eb51e48e","runtime":"nodejs20","entryPoint":"addVehicle","source":{"storageSource":{"bucket":"gcf-v2-sources-1049000869926-us-central1","object":"addVehicle/function-source.zip","generation":"1752580005834961"}},"environmentVariables":{"GOOGLE_NODE_RUN_SCRIPTS":""},"dockerRepository":"projects/roundmanagerapp/locations/us-central1/repositories/gcf-artifacts","sourceProvenance":{"resolvedStorageSource":{"bucket":"gcf-v2-sources-1049000869926-us-central1","object":"addVehicle/function-source.zip","generation":"1752580005834961"}},"dockerRegistry":"ARTIFACT_REGISTRY","serviceAccount":"projects/roundmanagerapp/serviceAccounts/1049000869926-compute@developer.gserviceaccount.com","automaticUpdatePolicy":{}},"serviceConfig":{"service":"projects/roundmanagerapp/locations/us-central1/services/addvehicle","timeoutSeconds":60,"environmentVariables":{"FIREBASE_CONFIG":"{\"projectId\":\"roundmanagerapp\",\"storageBucket\":\"roundmanagerapp.firebasestorage.app\"}","GCLOUD_PROJECT":"roundmanagerapp","EVENTARC_CLOUD_EVENT_SOURCE":"projects/roundmanagerapp/locations/us-central1/services/addVehicle","FUNCTION_TARGET":"addVehicle","LOG_EXECUTION_ID":"true","FUNCTION_SIGNATURE_TYPE":"http"},"maxInstanceCount":10,"ingressSettings":"ALLOW_ALL","uri":"https://addvehicle-av2j4gstza-uc.a.run.app","serviceAccountEmail":"1049000869926-compute@developer.gserviceaccount.com","availableMemory":"256Mi","allTrafficOnLatestRevision":true,"revision":"addvehicle-00012-kec","maxInstanceRequestConcurrency":80,"availableCpu":"1"},"state":"ACTIVE","updateTime":"2025-07-15T11:46:53.745994112Z","labels":{"firebase-functions-hash":"b3048c1b0bed717bf557406951c172cdf8c87019","deployment-tool":"cli-firebase","deployment-callable":"true"},"environment":"GEN_2","url":"https://us-central1-roundmanagerapp.cloudfunctions.net/addVehicle","createTime":"2025-07-14T20:15:39.843211567Z","satisfiesPzi":true},{"name":"projects/roundmanagerapp/locations/us-central1/functions/deleteVehicle","buildConfig":{"build":"projects/1049000869926/locations/us-central1/builds/873033c6-9721-4f46-ac8c-6af0eb51e48e","runtime":"nodejs20","entryPoint":"deleteVehicle","source":{"storageSource":{"bucket":"gcf-v2-sources-1049000869926-us-central1","object":"deleteVehicle/function-source.zip","generation":"1752580006099026"}},"environmentVariables":{"GOOGLE_NODE_RUN_SCRIPTS":""},"dockerRepository":"projects/roundmanagerapp/locations/us-central1/repositories/gcf-artifacts","sourceProvenance":{"resolvedStorageSource":{"bucket":"gcf-v2-sources-1049000869926-us-central1","object":"deleteVehicle/function-source.zip","generation":"1752580006099026"}},"dockerRegistry":"ARTIFACT_REGISTRY","serviceAccount":"projects/roundmanagerapp/serviceAccounts/1049000869926-compute@developer.gserviceaccount.com","automaticUpdatePolicy":{}},"serviceConfig":{"service":"projects/roundmanagerapp/locations/us-central1/services/deletevehicle","timeoutSeconds":60,"environmentVariables":{"FIREBASE_CONFIG":"{\"projectId\":\"roundmanagerapp\",\"storageBucket\":\"roundmanagerapp.firebasestorage.app\"}","GCLOUD_PROJECT":"roundmanagerapp","EVENTARC_CLOUD_EVENT_SOURCE":"projects/roundmanagerapp/locations/us-central1/services/deleteVehicle","FUNCTION_TARGET":"deleteVehicle","LOG_EXECUTION_ID":"true","FUNCTION_SIGNATURE_TYPE":"http"},"maxInstanceCount":10,"ingressSettings":"ALLOW_ALL","uri":"https://deletevehicle-av2j4gstza-uc.a.run.app","serviceAccountEmail":"1049000869926-compute@developer.gserviceaccount.com","availableMemory":"256Mi","allTrafficOnLatestRevision":true,"revision":"deletevehicle-00012-vev","maxInstanceRequestConcurrency":80,"availableCpu":"1"},"state":"ACTIVE","updateTime":"2025-07-15T11:46:53.885760614Z","labels":{"deployment-tool":"cli-firebase","deployment-callable":"true","firebase-functions-hash":"b3048c1b0bed717bf557406951c172cdf8c87019"},"environment":"GEN_2","url":"https://us-central1-roundmanagerapp.cloudfunctions.net/deleteVehicle","createTime":"2025-07-14T20:15:39.809683682Z","satisfiesPzi":true},{"name":"projects/roundmanagerapp/locations/us-central1/functions/sendTeamInviteEmail","buildConfig":{"build":"projects/1049000869926/locations/us-central1/builds/873033c6-9721-4f46-ac8c-6af0eb51e48e","runtime":"nodejs20","entryPoint":"sendTeamInviteEmail","source":{"storageSource":{"bucket":"gcf-v2-sources-1049000869926-us-central1","object":"sendTeamInviteEmail/function-source.zip","generation":"1752579930182084"}},"environmentVariables":{"GOOGLE_NODE_RUN_SCRIPTS":""},"dockerRepository":"projects/roundmanagerapp/locations/us-central1/repositories/gcf-artifacts","sourceProvenance":{"resolvedStorageSource":{"bucket":"gcf-v2-sources-1049000869926-us-central1","object":"sendTeamInviteEmail/function-source.zip","generation":"1752579930182084"}},"dockerRegistry":"ARTIFACT_REGISTRY","serviceAccount":"projects/roundmanagerapp/serviceAccounts/1049000869926-compute@developer.gserviceaccount.com","automaticUpdatePolicy":{}},"serviceConfig":{"service":"projects/roundmanagerapp/locations/us-central1/services/sendteaminviteemail","timeoutSeconds":60,"environmentVariables":{"FIREBASE_CONFIG":"{\"projectId\":\"roundmanagerapp\",\"storageBucket\":\"roundmanagerapp.firebasestorage.app\"}","GCLOUD_PROJECT":"roundmanagerapp","EVENTARC_CLOUD_EVENT_SOURCE":"projects/roundmanagerapp/locations/us-central1/services/sendTeamInviteEmail","FUNCTION_SIGNATURE_TYPE":"cloudevent","FUNCTION_TARGET":"sendTeamInviteEmail","LOG_EXECUTION_ID":"true","RESEND_KEY":"re_DjRTfH7G_Hz53GNL3Rvauc8oFAmQX3uaV","APP_URL":"guvnor.app"},"maxInstanceCount":10,"ingressSettings":"ALLOW_ALL","uri":"https://sendteaminviteemail-av2j4gstza-uc.a.run.app","serviceAccountEmail":"1049000869926-compute@developer.gserviceaccount.com","availableMemory":"256Mi","allTrafficOnLatestRevision":true,"revision":"sendteaminviteemail-00021-gag","maxInstanceRequestConcurrency":80,"availableCpu":"1"},"eventTrigger":{"trigger":"projects/roundmanagerapp/locations/europe-west2/triggers/sendteaminviteemail-168636","triggerRegion":"europe-west2","eventType":"google.cloud.firestore.document.v1.created","eventFilters":[{"attribute":"namespace","value":"(default)"},{"attribute":"document","value":"accounts/{accountId}/members/{memberId}","operator":"match-path-pattern"},{"attribute":"database","value":"(default)"}],"pubsubTopic":"projects/roundmanagerapp/topics/eventarc-europe-west2-sendteaminviteemail-168636-678","serviceAccountEmail":"1049000869926-compute@developer.gserviceaccount.com","retryPolicy":"RETRY_POLICY_DO_NOT_RETRY"},"state":"ACTIVE","updateTime":"2025-07-15T11:46:47.409371670Z","labels":{"deployment-tool":"cli-firebase","firebase-functions-hash":"b3048c1b0bed717bf557406951c172cdf8c87019"},"environment":"GEN_2","url":"https://us-central1-roundmanagerapp.cloudfunctions.net/sendTeamInviteEmail","createTime":"2025-07-14T18:01:24.599564854Z","satisfiesPzi":true}]}
[debug] [2025-07-15T14:30:12.420Z] Checked if tokens are valid: true, expires at: 1752593392489
[debug] [2025-07-15T14:30:12.421Z] Checked if tokens are valid: true, expires at: 1752593392489
[debug] [2025-07-15T14:30:12.421Z] >>> [apiv2][query] GET https://firestore.googleapis.com/v1/projects/roundmanagerapp/databases/(default) [none]
[debug] [2025-07-15T14:30:12.657Z] <<< [apiv2][status] GET https://firestore.googleapis.com/v1/projects/roundmanagerapp/databases/(default) 200
[debug] [2025-07-15T14:30:12.657Z] <<< [apiv2][body] GET https://firestore.googleapis.com/v1/projects/roundmanagerapp/databases/(default) {"name":"projects/roundmanagerapp/databases/(default)","uid":"0e753322-7bae-42bd-a779-6e5bbef8997c","createTime":"2025-06-18T15:20:29.552681Z","updateTime":"2025-06-18T15:20:29.552681Z","locationId":"europe-west2","type":"FIRESTORE_NATIVE","concurrencyMode":"PESSIMISTIC","versionRetentionPeriod":"3600s","earliestVersionTime":"2025-07-15T13:30:13.175274Z","appEngineIntegrationMode":"DISABLED","keyPrefix":"g","pointInTimeRecoveryEnablement":"POINT_IN_TIME_RECOVERY_DISABLED","deleteProtectionState":"DELETE_PROTECTION_DISABLED","databaseEdition":"STANDARD","freeTier":true,"etag":"IOKhgeqJv44DMLzv8uex+40D"}
[info] i  functions: ensuring required API run.googleapis.com is enabled... 
[info] i  functions: ensuring required API eventarc.googleapis.com is enabled... 
[info] i  functions: ensuring required API pubsub.googleapis.com is enabled... 
[info] i  functions: ensuring required API storage.googleapis.com is enabled... 
[info] i  functions: generating the service identity for pubsub.googleapis.com... 
[debug] [2025-07-15T14:30:12.660Z] Checked if tokens are valid: true, expires at: 1752593392489
[debug] [2025-07-15T14:30:12.661Z] Checked if tokens are valid: true, expires at: 1752593392489
[info] i  functions: generating the service identity for eventarc.googleapis.com... 
[debug] [2025-07-15T14:30:12.661Z] Checked if tokens are valid: true, expires at: 1752593392489
[debug] [2025-07-15T14:30:12.661Z] Checked if tokens are valid: true, expires at: 1752593392489
[debug] [2025-07-15T14:30:12.661Z] >>> [apiv2][query] POST https://serviceusage.googleapis.com/v1beta1/projects/1049000869926/services/pubsub.googleapis.com:generateServiceIdentity [none]
[debug] [2025-07-15T14:30:12.661Z] >>> [apiv2][(partial)header] POST https://serviceusage.googleapis.com/v1beta1/projects/1049000869926/services/pubsub.googleapis.com:generateServiceIdentity x-goog-quota-user=projects/1049000869926
[debug] [2025-07-15T14:30:12.661Z] >>> [apiv2][body] POST https://serviceusage.googleapis.com/v1beta1/projects/1049000869926/services/pubsub.googleapis.com:generateServiceIdentity {}
[debug] [2025-07-15T14:30:12.664Z] >>> [apiv2][query] POST https://serviceusage.googleapis.com/v1beta1/projects/1049000869926/services/eventarc.googleapis.com:generateServiceIdentity [none]
[debug] [2025-07-15T14:30:12.664Z] >>> [apiv2][(partial)header] POST https://serviceusage.googleapis.com/v1beta1/projects/1049000869926/services/eventarc.googleapis.com:generateServiceIdentity x-goog-quota-user=projects/1049000869926
[debug] [2025-07-15T14:30:12.664Z] >>> [apiv2][body] POST https://serviceusage.googleapis.com/v1beta1/projects/1049000869926/services/eventarc.googleapis.com:generateServiceIdentity {}
[debug] [2025-07-15T14:30:13.698Z] <<< [apiv2][status] POST https://serviceusage.googleapis.com/v1beta1/projects/1049000869926/services/eventarc.googleapis.com:generateServiceIdentity 200
[debug] [2025-07-15T14:30:13.699Z] <<< [apiv2][body] POST https://serviceusage.googleapis.com/v1beta1/projects/1049000869926/services/eventarc.googleapis.com:generateServiceIdentity {"name":"operations/finished.DONE_OPERATION","done":true,"response":{"@type":"type.googleapis.com/google.api.serviceusage.v1beta1.ServiceIdentity","email":"service-1049000869926@gcp-sa-eventarc.iam.gserviceaccount.com","uniqueId":"110640569708007774639"}}
[debug] [2025-07-15T14:30:13.717Z] <<< [apiv2][status] POST https://serviceusage.googleapis.com/v1beta1/projects/1049000869926/services/pubsub.googleapis.com:generateServiceIdentity 200
[debug] [2025-07-15T14:30:13.717Z] <<< [apiv2][body] POST https://serviceusage.googleapis.com/v1beta1/projects/1049000869926/services/pubsub.googleapis.com:generateServiceIdentity {"name":"operations/finished.DONE_OPERATION","done":true,"response":{"@type":"type.googleapis.com/google.api.serviceusage.v1beta1.ServiceIdentity","email":"service-1049000869926@gcp-sa-pubsub.iam.gserviceaccount.com","uniqueId":"111794772741449188440"}}
[debug] [2025-07-15T14:30:13.723Z] Checked if tokens are valid: true, expires at: 1752593392489
[debug] [2025-07-15T14:30:13.723Z] Checked if tokens are valid: true, expires at: 1752593392489
[debug] [2025-07-15T14:30:13.723Z] >>> [apiv2][query] GET https://cloudresourcemanager.googleapis.com/v1/projects/roundmanagerapp [none]
[debug] [2025-07-15T14:30:13.954Z] <<< [apiv2][status] GET https://cloudresourcemanager.googleapis.com/v1/projects/roundmanagerapp 200
[debug] [2025-07-15T14:30:13.955Z] <<< [apiv2][body] GET https://cloudresourcemanager.googleapis.com/v1/projects/roundmanagerapp {"projectNumber":"1049000869926","projectId":"roundmanagerapp","lifecycleState":"ACTIVE","name":"RoundManagerApp","labels":{"firebase":"enabled","firebase-core":"disabled"},"createTime":"2025-06-18T15:16:25.700197Z"}
[debug] [2025-07-15T14:30:13.955Z] Checked if tokens are valid: true, expires at: 1752593392489
[debug] [2025-07-15T14:30:13.955Z] Checked if tokens are valid: true, expires at: 1752593392489
[debug] [2025-07-15T14:30:13.955Z] >>> [apiv2][query] GET https://compute.googleapis.com/compute/v1/projects/1049000869926 [none]
[debug] [2025-07-15T14:30:14.274Z] <<< [apiv2][status] GET https://compute.googleapis.com/compute/v1/projects/1049000869926 403
[debug] [2025-07-15T14:30:14.275Z] <<< [apiv2][body] GET https://compute.googleapis.com/compute/v1/projects/1049000869926 {"error":{"code":403,"message":"Compute Engine API has not been used in project 1049000869926 before or it is disabled. Enable it by visiting https://console.developers.google.com/apis/api/compute.googleapis.com/overview?project=1049000869926 then retry. If you enabled this API recently, wait a few minutes for the action to propagate to our systems and retry.","errors":[{"message":"Compute Engine API has not been used in project 1049000869926 before or it is disabled. Enable it by visiting https://console.developers.google.com/apis/api/compute.googleapis.com/overview?project=1049000869926 then retry. If you enabled this API recently, wait a few minutes for the action to propagate to our systems and retry.","domain":"usageLimits","reason":"accessNotConfigured","extendedHelp":"https://console.developers.google.com"}],"status":"PERMISSION_DENIED","details":[{"@type":"type.googleapis.com/google.rpc.ErrorInfo","reason":"SERVICE_DISABLED","domain":"googleapis.com","metadata":{"consumer":"projects/1049000869926","containerInfo":"1049000869926","serviceTitle":"Compute Engine API","service":"compute.googleapis.com","activationUrl":"https://console.developers.google.com/apis/api/compute.googleapis.com/overview?project=1049000869926"}},{"@type":"type.googleapis.com/google.rpc.LocalizedMessage","locale":"en-US","message":"Compute Engine API has not been used in project 1049000869926 before or it is disabled. Enable it by visiting https://console.developers.google.com/apis/api/compute.googleapis.com/overview?project=1049000869926 then retry. If you enabled this API recently, wait a few minutes for the action to propagate to our systems and retry."},{"@type":"type.googleapis.com/google.rpc.Help","links":[{"description":"Google developers console API activation","url":"https://console.developers.google.com/apis/api/compute.googleapis.com/overview?project=1049000869926"}]}]}}
[debug] [2025-07-15T14:30:14.276Z] unable to look up default compute service account. Falling back to 1049000869926-compute@developer.gserviceaccount.com. Error: {"name":"FirebaseError","children":[],"context":{"body":{"error":{"code":403,"message":"Compute Engine API has not been used in project 1049000869926 before or it is disabled. Enable it by visiting https://console.developers.google.com/apis/api/compute.googleapis.com/overview?project=1049000869926 then retry. If you enabled this API recently, wait a few minutes for the action to propagate to our systems and retry.","errors":[{"message":"Compute Engine API has not been used in project 1049000869926 before or it is disabled. Enable it by visiting https://console.developers.google.com/apis/api/compute.googleapis.com/overview?project=1049000869926 then retry. If you enabled this API recently, wait a few minutes for the action to propagate to our systems and retry.","domain":"usageLimits","reason":"accessNotConfigured","extendedHelp":"https://console.developers.google.com"}],"status":"PERMISSION_DENIED","details":[{"@type":"type.googleapis.com/google.rpc.ErrorInfo","reason":"SERVICE_DISABLED","domain":"googleapis.com","metadata":{"consumer":"projects/1049000869926","containerInfo":"1049000869926","serviceTitle":"Compute Engine API","service":"compute.googleapis.com","activationUrl":"https://console.developers.google.com/apis/api/compute.googleapis.com/overview?project=1049000869926"}},{"@type":"type.googleapis.com/google.rpc.LocalizedMessage","locale":"en-US","message":"Compute Engine API has not been used in project 1049000869926 before or it is disabled. Enable it by visiting https://console.developers.google.com/apis/api/compute.googleapis.com/overview?project=1049000869926 then retry. If you enabled this API recently, wait a few minutes for the action to propagate to our systems and retry."},{"@type":"type.googleapis.com/google.rpc.Help","links":[{"description":"Google developers console API activation","url":"https://console.developers.google.com/apis/api/compute.googleapis.com/overview?project=1049000869926"}]}]}},"response":{"statusCode":403}},"exit":1,"message":"Request to https://compute.googleapis.com/compute/v1/projects/1049000869926 had HTTP Error: 403, Compute Engine API has not been used in project 1049000869926 before or it is disabled. Enable it by visiting https://console.developers.google.com/apis/api/compute.googleapis.com/overview?project=1049000869926 then retry. If you enabled this API recently, wait a few minutes for the action to propagate to our systems and retry.","status":403}
[debug] [2025-07-15T14:30:14.277Z] Checked if tokens are valid: true, expires at: 1752593392489
[debug] [2025-07-15T14:30:14.277Z] Checked if tokens are valid: true, expires at: 1752593392489
[debug] [2025-07-15T14:30:14.277Z] >>> [apiv2][query] GET https://compute.googleapis.com/compute/v1/projects/1049000869926 [none]
[debug] [2025-07-15T14:30:14.464Z] <<< [apiv2][status] GET https://compute.googleapis.com/compute/v1/projects/1049000869926 403
[debug] [2025-07-15T14:30:14.465Z] <<< [apiv2][body] GET https://compute.googleapis.com/compute/v1/projects/1049000869926 {"error":{"code":403,"message":"Compute Engine API has not been used in project 1049000869926 before or it is disabled. Enable it by visiting https://console.developers.google.com/apis/api/compute.googleapis.com/overview?project=1049000869926 then retry. If you enabled this API recently, wait a few minutes for the action to propagate to our systems and retry.","errors":[{"message":"Compute Engine API has not been used in project 1049000869926 before or it is disabled. Enable it by visiting https://console.developers.google.com/apis/api/compute.googleapis.com/overview?project=1049000869926 then retry. If you enabled this API recently, wait a few minutes for the action to propagate to our systems and retry.","domain":"usageLimits","reason":"accessNotConfigured","extendedHelp":"https://console.developers.google.com"}],"status":"PERMISSION_DENIED","details":[{"@type":"type.googleapis.com/google.rpc.ErrorInfo","reason":"SERVICE_DISABLED","domain":"googleapis.com","metadata":{"serviceTitle":"Compute Engine API","activationUrl":"https://console.developers.google.com/apis/api/compute.googleapis.com/overview?project=1049000869926","service":"compute.googleapis.com","consumer":"projects/1049000869926","containerInfo":"1049000869926"}},{"@type":"type.googleapis.com/google.rpc.LocalizedMessage","locale":"en-US","message":"Compute Engine API has not been used in project 1049000869926 before or it is disabled. Enable it by visiting https://console.developers.google.com/apis/api/compute.googleapis.com/overview?project=1049000869926 then retry. If you enabled this API recently, wait a few minutes for the action to propagate to our systems and retry."},{"@type":"type.googleapis.com/google.rpc.Help","links":[{"description":"Google developers console API activation","url":"https://console.developers.google.com/apis/api/compute.googleapis.com/overview?project=1049000869926"}]}]}}
[debug] [2025-07-15T14:30:14.465Z] unable to look up default compute service account. Falling back to 1049000869926-compute@developer.gserviceaccount.com. Error: {"name":"FirebaseError","children":[],"context":{"body":{"error":{"code":403,"message":"Compute Engine API has not been used in project 1049000869926 before or it is disabled. Enable it by visiting https://console.developers.google.com/apis/api/compute.googleapis.com/overview?project=1049000869926 then retry. If you enabled this API recently, wait a few minutes for the action to propagate to our systems and retry.","errors":[{"message":"Compute Engine API has not been used in project 1049000869926 before or it is disabled. Enable it by visiting https://console.developers.google.com/apis/api/compute.googleapis.com/overview?project=1049000869926 then retry. If you enabled this API recently, wait a few minutes for the action to propagate to our systems and retry.","domain":"usageLimits","reason":"accessNotConfigured","extendedHelp":"https://console.developers.google.com"}],"status":"PERMISSION_DENIED","details":[{"@type":"type.googleapis.com/google.rpc.ErrorInfo","reason":"SERVICE_DISABLED","domain":"googleapis.com","metadata":{"serviceTitle":"Compute Engine API","activationUrl":"https://console.developers.google.com/apis/api/compute.googleapis.com/overview?project=1049000869926","service":"compute.googleapis.com","consumer":"projects/1049000869926","containerInfo":"1049000869926"}},{"@type":"type.googleapis.com/google.rpc.LocalizedMessage","locale":"en-US","message":"Compute Engine API has not been used in project 1049000869926 before or it is disabled. Enable it by visiting https://console.developers.google.com/apis/api/compute.googleapis.com/overview?project=1049000869926 then retry. If you enabled this API recently, wait a few minutes for the action to propagate to our systems and retry."},{"@type":"type.googleapis.com/google.rpc.Help","links":[{"description":"Google developers console API activation","url":"https://console.developers.google.com/apis/api/compute.googleapis.com/overview?project=1049000869926"}]}]}},"response":{"statusCode":403}},"exit":1,"message":"Request to https://compute.googleapis.com/compute/v1/projects/1049000869926 had HTTP Error: 403, Compute Engine API has not been used in project 1049000869926 before or it is disabled. Enable it by visiting https://console.developers.google.com/apis/api/compute.googleapis.com/overview?project=1049000869926 then retry. If you enabled this API recently, wait a few minutes for the action to propagate to our systems and retry.","status":403}
[debug] [2025-07-15T14:30:14.466Z] Checked if tokens are valid: true, expires at: 1752593392489
[debug] [2025-07-15T14:30:14.466Z] Checked if tokens are valid: true, expires at: 1752593392489
[debug] [2025-07-15T14:30:14.466Z] >>> [apiv2][query] GET https://compute.googleapis.com/compute/v1/projects/1049000869926 [none]
[debug] [2025-07-15T14:30:14.654Z] <<< [apiv2][status] GET https://compute.googleapis.com/compute/v1/projects/1049000869926 403
[debug] [2025-07-15T14:30:14.654Z] <<< [apiv2][body] GET https://compute.googleapis.com/compute/v1/projects/1049000869926 {"error":{"code":403,"message":"Compute Engine API has not been used in project 1049000869926 before or it is disabled. Enable it by visiting https://console.developers.google.com/apis/api/compute.googleapis.com/overview?project=1049000869926 then retry. If you enabled this API recently, wait a few minutes for the action to propagate to our systems and retry.","errors":[{"message":"Compute Engine API has not been used in project 1049000869926 before or it is disabled. Enable it by visiting https://console.developers.google.com/apis/api/compute.googleapis.com/overview?project=1049000869926 then retry. If you enabled this API recently, wait a few minutes for the action to propagate to our systems and retry.","domain":"usageLimits","reason":"accessNotConfigured","extendedHelp":"https://console.developers.google.com"}],"status":"PERMISSION_DENIED","details":[{"@type":"type.googleapis.com/google.rpc.ErrorInfo","reason":"SERVICE_DISABLED","domain":"googleapis.com","metadata":{"containerInfo":"1049000869926","consumer":"projects/1049000869926","activationUrl":"https://console.developers.google.com/apis/api/compute.googleapis.com/overview?project=1049000869926","serviceTitle":"Compute Engine API","service":"compute.googleapis.com"}},{"@type":"type.googleapis.com/google.rpc.LocalizedMessage","locale":"en-US","message":"Compute Engine API has not been used in project 1049000869926 before or it is disabled. Enable it by visiting https://console.developers.google.com/apis/api/compute.googleapis.com/overview?project=1049000869926 then retry. If you enabled this API recently, wait a few minutes for the action to propagate to our systems and retry."},{"@type":"type.googleapis.com/google.rpc.Help","links":[{"description":"Google developers console API activation","url":"https://console.developers.google.com/apis/api/compute.googleapis.com/overview?project=1049000869926"}]}]}}
[debug] [2025-07-15T14:30:14.655Z] unable to look up default compute service account. Falling back to 1049000869926-compute@developer.gserviceaccount.com. Error: {"name":"FirebaseError","children":[],"context":{"body":{"error":{"code":403,"message":"Compute Engine API has not been used in project 1049000869926 before or it is disabled. Enable it by visiting https://console.developers.google.com/apis/api/compute.googleapis.com/overview?project=1049000869926 then retry. If you enabled this API recently, wait a few minutes for the action to propagate to our systems and retry.","errors":[{"message":"Compute Engine API has not been used in project 1049000869926 before or it is disabled. Enable it by visiting https://console.developers.google.com/apis/api/compute.googleapis.com/overview?project=1049000869926 then retry. If you enabled this API recently, wait a few minutes for the action to propagate to our systems and retry.","domain":"usageLimits","reason":"accessNotConfigured","extendedHelp":"https://console.developers.google.com"}],"status":"PERMISSION_DENIED","details":[{"@type":"type.googleapis.com/google.rpc.ErrorInfo","reason":"SERVICE_DISABLED","domain":"googleapis.com","metadata":{"containerInfo":"1049000869926","consumer":"projects/1049000869926","activationUrl":"https://console.developers.google.com/apis/api/compute.googleapis.com/overview?project=1049000869926","serviceTitle":"Compute Engine API","service":"compute.googleapis.com"}},{"@type":"type.googleapis.com/google.rpc.LocalizedMessage","locale":"en-US","message":"Compute Engine API has not been used in project 1049000869926 before or it is disabled. Enable it by visiting https://console.developers.google.com/apis/api/compute.googleapis.com/overview?project=1049000869926 then retry. If you enabled this API recently, wait a few minutes for the action to propagate to our systems and retry."},{"@type":"type.googleapis.com/google.rpc.Help","links":[{"description":"Google developers console API activation","url":"https://console.developers.google.com/apis/api/compute.googleapis.com/overview?project=1049000869926"}]}]}},"response":{"statusCode":403}},"exit":1,"message":"Request to https://compute.googleapis.com/compute/v1/projects/1049000869926 had HTTP Error: 403, Compute Engine API has not been used in project 1049000869926 before or it is disabled. Enable it by visiting https://console.developers.google.com/apis/api/compute.googleapis.com/overview?project=1049000869926 then retry. If you enabled this API recently, wait a few minutes for the action to propagate to our systems and retry.","status":403}
[debug] [2025-07-15T14:30:14.655Z] Checked if tokens are valid: true, expires at: 1752593392489
[debug] [2025-07-15T14:30:14.655Z] Checked if tokens are valid: true, expires at: 1752593392489
[debug] [2025-07-15T14:30:14.655Z] >>> [apiv2][query] GET https://compute.googleapis.com/compute/v1/projects/1049000869926 [none]
